#
# There is insufficient memory for the Java Runtime Environment to continue.
# Native memory allocation (mmap) failed to map 365953024 bytes for committing reserved memory.
# Possible reasons:
#   The system is out of physical RAM or swap space
#   In 32 bit mode, the process size limit was hit
# Possible solutions:
#   Reduce memory load on the system
#   Increase physical memory or swap space
#   Check if swap backing store is full
#   Use 64 bit Java on a 64 bit OS
#   Decrease Java heap size (-Xmx/-Xms)
#   Decrease number of Java threads
#   Decrease Java thread stack sizes (-Xss)
#   Set larger code cache with -XX:ReservedCodeCacheSize=
# This output file may be truncated or incomplete.
#
#  Out of Memory Error (os_linux.cpp:2643), pid=20095, tid=0x00007fb0ca0e8700
#
# JRE version: OpenJDK Runtime Environment (8.0_151-b12) (build 1.8.0_151-8u151-b12-0ubuntu0.16.04.2-b12)
# Java VM: OpenJDK 64-Bit Server VM (25.151-b12 mixed mode linux-amd64 compressed oops)
# Failed to write core dump. Core dumps have been disabled. To enable core dumping, try "ulimit -c unlimited" before starting Java again
#

---------------  T H R E A D  ---------------

Current thread (0x00007fb0f01c7800):  VMThread [stack: 0x00007fb0c9fe8000,0x00007fb0ca0e9000] [id=20109]

Stack: [0x00007fb0c9fe8000,0x00007fb0ca0e9000],  sp=0x00007fb0ca0e7480,  free space=1021k
Native frames: (J=compiled Java code, j=interpreted, Vv=VM code, C=native code)
V  [libjvm.so+0xa684eb]
V  [libjvm.so+0x4c579c]
V  [libjvm.so+0x8b6b50]
V  [libjvm.so+0x8b0fce]
V  [libjvm.so+0x92b806]
V  [libjvm.so+0x91ae9a]
V  [libjvm.so+0x91b0a3]
V  [libjvm.so+0x91ba08]
V  [libjvm.so+0x921cce]
V  [libjvm.so+0x92966d]
V  [libjvm.so+0x8db3c3]
V  [libjvm.so+0xa6a192]
V  [libjvm.so+0xa6f277]
V  [libjvm.so+0xa6ca47]
V  [libjvm.so+0xa6decf]
V  [libjvm.so+0xa6e3c1]
V  [libjvm.so+0x8b4032]

VM_Operation (0x00007fb0f83cb610): ParallelGCFailedAllocation, mode: safepoint, requested by thread 0x00007fb0f000b000


---------------  P R O C E S S  ---------------

Java Threads: ( => current thread )
  0x00007fb0f09a4800 JavaThread "ping-20s" daemon [_thread_blocked, id=20121, stack(0x00007fb0c8a8e000,0x00007fb0c8b8f000)]
  0x00007fb0f074c800 JavaThread "surefire-forkedjvm-command-thread" daemon [_thread_blocked, id=20120, stack(0x00007fb0c8f99000,0x00007fb0c909a000)]
  0x00007fb0f0725800 JavaThread "Service Thread" daemon [_thread_blocked, id=20117, stack(0x00007fb0c9209000,0x00007fb0c930a000)]
  0x00007fb0f0735000 JavaThread "C1 CompilerThread3" daemon [_thread_blocked, id=20116, stack(0x00007fb0c930a000,0x00007fb0c940b000)]
  0x00007fb0f0732800 JavaThread "C2 CompilerThread2" daemon [_thread_blocked, id=20115, stack(0x00007fb0c940b000,0x00007fb0c950c000)]
  0x00007fb0f0730800 JavaThread "C2 CompilerThread1" daemon [_thread_blocked, id=20114, stack(0x00007fb0c950c000,0x00007fb0c960d000)]
  0x00007fb0f072e000 JavaThread "C2 CompilerThread0" daemon [_thread_blocked, id=20113, stack(0x00007fb0c960d000,0x00007fb0c970e000)]
  0x00007fb0f01fc800 JavaThread "Signal Dispatcher" daemon [_thread_blocked, id=20112, stack(0x00007fb0c9896000,0x00007fb0c9997000)]
  0x00007fb0f01d4000 JavaThread "Finalizer" daemon [_thread_blocked, id=20111, stack(0x00007fb0c9de6000,0x00007fb0c9ee7000)]
  0x00007fb0f01cf800 JavaThread "Reference Handler" daemon [_thread_blocked, id=20110, stack(0x00007fb0c9ee7000,0x00007fb0c9fe8000)]
  0x00007fb0f000b000 JavaThread "main" [_thread_blocked, id=20096, stack(0x00007fb0f82d2000,0x00007fb0f83d3000)]

Other Threads:
=>0x00007fb0f01c7800 VMThread [stack: 0x00007fb0c9fe8000,0x00007fb0ca0e9000] [id=20109]
  0x00007fb0f0727800 WatcherThread [stack: 0x00007fb0c9108000,0x00007fb0c9209000] [id=20118]

VM state:at safepoint (normal execution)

VM Mutex/Monitor currently owned by a thread:  ([mutex/lock_event])
[0x00007fb0f0006d60] ExpandHeap_lock - owner thread: 0x00007fb0f01c7800
[0x00007fb0f00073e0] Threads_lock - owner thread: 0x00007fb0f01c7800
[0x00007fb0f00078e0] Heap_lock - owner thread: 0x00007fb0f000b000

Heap:
 PSYoungGen      total 423424K, used 61461K [0x00000000d7100000, 0x0000000100000000, 0x0000000100000000)
  eden space 224256K, 0% used [0x00000000d7100000,0x00000000d7100000,0x00000000e4c00000)
  from space 199168K, 30% used [0x00000000f3d80000,0x00000000f7985758,0x0000000100000000)
  to   space 223232K, 0% used [0x00000000e4c00000,0x00000000e4c00000,0x00000000f2600000)
 ParOldGen       total 806912K, used 806519K [0x0000000085200000, 0x00000000b6600000, 0x00000000d7100000)
  object space 806912K, 99% used [0x0000000085200000,0x00000000b659dcb8,0x00000000b6600000)
 Metaspace       used 18460K, capacity 18518K, committed 18816K, reserved 1067008K
  class space    used 1883K, capacity 1909K, committed 1920K, reserved 1048576K

Card table byte_map: [0x00007fb0f43a4000,0x00007fb0f477c000] byte_map_base: 0x00007fb0f3f7b000

Marking Bits: (ParMarkBitMap*) 0x00007fb0f759a2c0
 Begin Bits: [0x00007fb0d8290000, 0x00007fb0da148000)
 End Bits:   [0x00007fb0da148000, 0x00007fb0dc000000)

Polling page: 0x00007fb0f83ee000

CodeCache: size=245760Kb used=9899Kb max_used=9919Kb free=235860Kb
 bounds [0x00007fb0e1000000, 0x00007fb0e19c0000, 0x00007fb0f0000000]
 total_blobs=2442 nmethods=2071 adapters=284
 compilation: enabled

Compilation events (10 events):
Event: 6,412 Thread 0x00007fb0f0732800 2083       4       org.aspectj.apache.bcel.generic.InstructionList::findHandle (15 bytes)
Event: 6,414 Thread 0x00007fb0f0732800 nmethod 2083 0x00007fb0e18c9110 code [0x00007fb0e18c9260, 0x00007fb0e18c9418]
Event: 6,423 Thread 0x00007fb0f0730800 2084   !   4       org.aspectj.apache.bcel.generic.Instruction::readInstruction (915 bytes)
Event: 6,466 Thread 0x00007fb0f072e000 2085       4       java.io.DataInputStream::readShort (40 bytes)
Event: 6,467 Thread 0x00007fb0f072e000 nmethod 2085 0x00007fb0e18c8e10 code [0x00007fb0e18c8f60, 0x00007fb0e18c9038]
Event: 6,480 Thread 0x00007fb0f0730800 nmethod 2084 0x00007fb0e1972d10 code [0x00007fb0e19733e0, 0x00007fb0e1976a60]
Event: 6,722 Thread 0x00007fb0f0732800 2086       4       org.aspectj.apache.bcel.classfile.LineNumberTable::getLineNumberTable (9 bytes)
Event: 6,730 Thread 0x00007fb0f0732800 nmethod 2086 0x00007fb0e1912810 code [0x00007fb0e19129c0, 0x00007fb0e1913198]
Event: 8,459 Thread 0x00007fb0f072e000 2087       4       org.aspectj.weaver.bcel.LazyMethodGen::initialize (127 bytes)
Event: 8,515 Thread 0x00007fb0f072e000 nmethod 2087 0x00007fb0e19b3d90 code [0x00007fb0e19b4160, 0x00007fb0e19b6488]

GC Heap History (10 events):
Event: 5,526 GC heap after
Heap after GC invocations=11 (full 1):
 PSYoungGen      total 417280K, used 110592K [0x00000000d7100000, 0x00000000fde80000, 0x0000000100000000)
  eden space 306688K, 0% used [0x00000000d7100000,0x00000000d7100000,0x00000000e9c80000)
  from space 110592K, 100% used [0x00000000f4f80000,0x00000000fbb80000,0x00000000fbb80000)
  to   space 164864K, 0% used [0x00000000e9c80000,0x00000000e9c80000,0x00000000f3d80000)
 ParOldGen       total 348160K, used 307815K [0x0000000085200000, 0x000000009a600000, 0x00000000d7100000)
  object space 348160K, 88% used [0x0000000085200000,0x0000000097e99ea8,0x000000009a600000)
 Metaspace       used 18460K, capacity 18518K, committed 18816K, reserved 1067008K
  class space    used 1883K, capacity 1909K, committed 1920K, reserved 1048576K
}
Event: 5,526 GC heap before
{Heap before GC invocations=12 (full 2):
 PSYoungGen      total 417280K, used 110592K [0x00000000d7100000, 0x00000000fde80000, 0x0000000100000000)
  eden space 306688K, 0% used [0x00000000d7100000,0x00000000d7100000,0x00000000e9c80000)
  from space 110592K, 100% used [0x00000000f4f80000,0x00000000fbb80000,0x00000000fbb80000)
  to   space 164864K, 0% used [0x00000000e9c80000,0x00000000e9c80000,0x00000000f3d80000)
 ParOldGen       total 348160K, used 307815K [0x0000000085200000, 0x000000009a600000, 0x00000000d7100000)
  object space 348160K, 88% used [0x0000000085200000,0x0000000097e99ea8,0x000000009a600000)
 Metaspace       used 18460K, capacity 18518K, committed 18816K, reserved 1067008K
  class space    used 1883K, capacity 1909K, committed 1920K, reserved 1048576K
Event: 6,337 GC heap after
Heap after GC invocations=12 (full 2):
 PSYoungGen      total 417280K, used 65289K [0x00000000d7100000, 0x00000000fde80000, 0x0000000100000000)
  eden space 306688K, 0% used [0x00000000d7100000,0x00000000d7100000,0x00000000e9c80000)
  from space 110592K, 59% used [0x00000000f4f80000,0x00000000f8f425c8,0x00000000fbb80000)
  to   space 164864K, 0% used [0x00000000e9c80000,0x00000000e9c80000,0x00000000f3d80000)
 ParOldGen       total 540160K, used 348039K [0x0000000085200000, 0x00000000a6180000, 0x00000000d7100000)
  object space 540160K, 64% used [0x0000000085200000,0x000000009a5e1f10,0x00000000a6180000)
 Metaspace       used 18460K, capacity 18518K, committed 18816K, reserved 1067008K
  class space    used 1883K, capacity 1909K, committed 1920K, reserved 1048576K
}
Event: 6,800 GC heap before
{Heap before GC invocations=13 (full 2):
 PSYoungGen      total 417280K, used 371977K [0x00000000d7100000, 0x00000000fde80000, 0x0000000100000000)
  eden space 306688K, 100% used [0x00000000d7100000,0x00000000e9c80000,0x00000000e9c80000)
  from space 110592K, 59% used [0x00000000f4f80000,0x00000000f8f425c8,0x00000000fbb80000)
  to   space 164864K, 0% used [0x00000000e9c80000,0x00000000e9c80000,0x00000000f3d80000)
 ParOldGen       total 540160K, used 348039K [0x0000000085200000, 0x00000000a6180000, 0x00000000d7100000)
  object space 540160K, 64% used [0x0000000085200000,0x000000009a5e1f10,0x00000000a6180000)
 Metaspace       used 18460K, capacity 18518K, committed 18816K, reserved 1067008K
  class space    used 1883K, capacity 1909K, committed 1920K, reserved 1048576K
Event: 6,961 GC heap after
Heap after GC invocations=13 (full 2):
 PSYoungGen      total 471552K, used 164864K [0x00000000d7100000, 0x0000000100000000, 0x0000000100000000)
  eden space 306688K, 0% used [0x00000000d7100000,0x00000000d7100000,0x00000000e9c80000)
  from space 164864K, 100% used [0x00000000e9c80000,0x00000000f3d80000,0x00000000f3d80000)
  to   space 199168K, 0% used [0x00000000f3d80000,0x00000000f3d80000,0x0000000100000000)
 ParOldGen       total 540160K, used 480023K [0x0000000085200000, 0x00000000a6180000, 0x00000000d7100000)
  object space 540160K, 88% used [0x0000000085200000,0x00000000a26c5f10,0x00000000a6180000)
 Metaspace       used 18460K, capacity 18518K, committed 18816K, reserved 1067008K
  class space    used 1883K, capacity 1909K, committed 1920K, reserved 1048576K
}
Event: 6,961 GC heap before
{Heap before GC invocations=14 (full 3):
 PSYoungGen      total 471552K, used 164864K [0x00000000d7100000, 0x0000000100000000, 0x0000000100000000)
  eden space 306688K, 0% used [0x00000000d7100000,0x00000000d7100000,0x00000000e9c80000)
  from space 164864K, 100% used [0x00000000e9c80000,0x00000000f3d80000,0x00000000f3d80000)
  to   space 199168K, 0% used [0x00000000f3d80000,0x00000000f3d80000,0x0000000100000000)
 ParOldGen       total 540160K, used 480023K [0x0000000085200000, 0x00000000a6180000, 0x00000000d7100000)
  object space 540160K, 88% used [0x0000000085200000,0x00000000a26c5f10,0x00000000a6180000)
 Metaspace       used 18460K, capacity 18518K, committed 18816K, reserved 1067008K
  class space    used 1883K, capacity 1909K, committed 1920K, reserved 1048576K
Event: 8,044 GC heap after
Heap after GC invocations=14 (full 3):
 PSYoungGen      total 471552K, used 99110K [0x00000000d7100000, 0x0000000100000000, 0x0000000100000000)
  eden space 306688K, 0% used [0x00000000d7100000,0x00000000d7100000,0x00000000e9c80000)
  from space 164864K, 60% used [0x00000000e9c80000,0x00000000efd49bf0,0x00000000f3d80000)
  to   space 199168K, 0% used [0x00000000f3d80000,0x00000000f3d80000,0x0000000100000000)
 ParOldGen       total 806912K, used 539778K [0x0000000085200000, 0x00000000b6600000, 0x00000000d7100000)
  object space 806912K, 66% used [0x0000000085200000,0x00000000a6120b30,0x00000000b6600000)
 Metaspace       used 18460K, capacity 18518K, committed 18816K, reserved 1067008K
  class space    used 1883K, capacity 1909K, committed 1920K, reserved 1048576K
}
Event: 8,577 GC heap before
{Heap before GC invocations=15 (full 3):
 PSYoungGen      total 471552K, used 405798K [0x00000000d7100000, 0x0000000100000000, 0x0000000100000000)
  eden space 306688K, 100% used [0x00000000d7100000,0x00000000e9c80000,0x00000000e9c80000)
  from space 164864K, 60% used [0x00000000e9c80000,0x00000000efd49bf0,0x00000000f3d80000)
  to   space 199168K, 0% used [0x00000000f3d80000,0x00000000f3d80000,0x0000000100000000)
 ParOldGen       total 806912K, used 539778K [0x0000000085200000, 0x00000000b6600000, 0x00000000d7100000)
  object space 806912K, 66% used [0x0000000085200000,0x00000000a6120b30,0x00000000b6600000)
 Metaspace       used 18460K, capacity 18518K, committed 18816K, reserved 1067008K
  class space    used 1883K, capacity 1909K, committed 1920K, reserved 1048576K
Event: 8,898 GC heap after
Heap after GC invocations=15 (full 3):
 PSYoungGen      total 423424K, used 199168K [0x00000000d7100000, 0x0000000100000000, 0x0000000100000000)
  eden space 224256K, 0% used [0x00000000d7100000,0x00000000d7100000,0x00000000e4c00000)
  from space 199168K, 100% used [0x00000000f3d80000,0x0000000100000000,0x0000000100000000)
  to   space 223232K, 0% used [0x00000000e4c00000,0x00000000e4c00000,0x00000000f2600000)
 ParOldGen       total 806912K, used 674962K [0x0000000085200000, 0x00000000b6600000, 0x00000000d7100000)
  object space 806912K, 83% used [0x0000000085200000,0x00000000ae524b30,0x00000000b6600000)
 Metaspace       used 18460K, capacity 18518K, committed 18816K, reserved 1067008K
  class space    used 1883K, capacity 1909K, committed 1920K, reserved 1048576K
}
Event: 8,898 GC heap before
{Heap before GC invocations=16 (full 4):
 PSYoungGen      total 423424K, used 199168K [0x00000000d7100000, 0x0000000100000000, 0x0000000100000000)
  eden space 224256K, 0% used [0x00000000d7100000,0x00000000d7100000,0x00000000e4c00000)
  from space 199168K, 100% used [0x00000000f3d80000,0x0000000100000000,0x0000000100000000)
  to   space 223232K, 0% used [0x00000000e4c00000,0x00000000e4c00000,0x00000000f2600000)
 ParOldGen       total 806912K, used 674962K [0x0000000085200000, 0x00000000b6600000, 0x00000000d7100000)
  object space 806912K, 83% used [0x0000000085200000,0x00000000ae524b30,0x00000000b6600000)
 Metaspace       used 18460K, capacity 18518K, committed 18816K, reserved 1067008K
  class space    used 1883K, capacity 1909K, committed 1920K, reserved 1048576K

Deoptimization events (10 events):
Event: 3,579 Thread 0x00007fb0f000b000 Uncommon trap: reason=bimorphic action=maybe_recompile pc=0x00007fb0e1827948 method=java.util.WeakHashMap.eq(Ljava/lang/Object;Ljava/lang/Object;)Z @ 7
Event: 3,580 Thread 0x00007fb0f000b000 Uncommon trap: reason=bimorphic action=maybe_recompile pc=0x00007fb0e1827948 method=java.util.WeakHashMap.eq(Ljava/lang/Object;Ljava/lang/Object;)Z @ 7
Event: 3,580 Thread 0x00007fb0f000b000 Uncommon trap: reason=bimorphic action=maybe_recompile pc=0x00007fb0e1827948 method=java.util.WeakHashMap.eq(Ljava/lang/Object;Ljava/lang/Object;)Z @ 7
Event: 3,580 Thread 0x00007fb0f000b000 Uncommon trap: reason=bimorphic action=maybe_recompile pc=0x00007fb0e1827948 method=java.util.WeakHashMap.eq(Ljava/lang/Object;Ljava/lang/Object;)Z @ 7
Event: 3,580 Thread 0x00007fb0f000b000 Uncommon trap: reason=bimorphic action=maybe_recompile pc=0x00007fb0e18249a0 method=java.util.WeakHashMap.eq(Ljava/lang/Object;Ljava/lang/Object;)Z @ 7
Event: 3,582 Thread 0x00007fb0f000b000 Uncommon trap: reason=unstable_if action=reinterpret pc=0x00007fb0e1584934 method=java.util.HashMap.getNode(ILjava/lang/Object;)Ljava/util/HashMap$Node; @ 129
Event: 3,582 Thread 0x00007fb0f000b000 Uncommon trap: reason=bimorphic action=maybe_recompile pc=0x00007fb0e16dcfd4 method=java.util.HashMap.putVal(ILjava/lang/Object;Ljava/lang/Object;ZZ)Ljava/lang/Object; @ 203
Event: 3,694 Thread 0x00007fb0f000b000 Uncommon trap: reason=unstable_if action=reinterpret pc=0x00007fb0e151b964 method=java.util.HashMap.resize()[Ljava/util/HashMap$Node; @ 206
Event: 3,698 Thread 0x00007fb0f000b000 Uncommon trap: reason=unstable_if action=reinterpret pc=0x00007fb0e17d0bc0 method=org.aspectj.weaver.bcel.AtAjAttributes.readAj5ClassAttributes(Lorg/aspectj/asm/AsmManager;Lorg/aspectj/apache/bcel/classfile/JavaClass;Lorg/aspectj/weaver/ReferenceType;Lorg
Event: 3,710 Thread 0x00007fb0f000b000 Uncommon trap: reason=unstable_if action=reinterpret pc=0x00007fb0e17452b8 method=org.aspectj.weaver.bcel.AtAjAttributes.readAj5ClassAttributes(Lorg/aspectj/asm/AsmManager;Lorg/aspectj/apache/bcel/classfile/JavaClass;Lorg/aspectj/weaver/ReferenceType;Lorg

Internal exceptions (10 events):
Event: 3,712 Thread 0x00007fb0f000b000 Exception <a 'java/lang/ArrayIndexOutOfBoundsException': 15> (0x00000000dc38eb08) thrown at [/build/openjdk-8-W2Qe27/openjdk-8-8u151-b12/src/hotspot/src/share/vm/interpreter/interpreterRuntime.cpp, line 366]
Event: 3,712 Thread 0x00007fb0f000b000 Exception <a 'java/lang/ArrayIndexOutOfBoundsException'> (0x00000000dc38fe00) thrown at [/build/openjdk-8-W2Qe27/openjdk-8-8u151-b12/src/hotspot/src/share/vm/runtime/sharedRuntime.cpp, line 605]
Event: 3,712 Thread 0x00007fb0f000b000 Exception <a 'java/lang/ArrayIndexOutOfBoundsException'> (0x00000000dc390408) thrown at [/build/openjdk-8-W2Qe27/openjdk-8-8u151-b12/src/hotspot/src/share/vm/runtime/sharedRuntime.cpp, line 605]
Event: 3,712 Thread 0x00007fb0f000b000 Exception <a 'java/lang/ArrayIndexOutOfBoundsException': 9> (0x00000000dc390a10) thrown at [/build/openjdk-8-W2Qe27/openjdk-8-8u151-b12/src/hotspot/src/share/vm/interpreter/interpreterRuntime.cpp, line 366]
Event: 3,713 Thread 0x00007fb0f000b000 Exception <a 'java/lang/ArrayIndexOutOfBoundsException'> (0x00000000dc3b2e80) thrown at [/build/openjdk-8-W2Qe27/openjdk-8-8u151-b12/src/hotspot/src/share/vm/runtime/sharedRuntime.cpp, line 605]
Event: 3,713 Thread 0x00007fb0f000b000 Exception <a 'java/lang/ArrayIndexOutOfBoundsException'> (0x00000000dc3b3488) thrown at [/build/openjdk-8-W2Qe27/openjdk-8-8u151-b12/src/hotspot/src/share/vm/runtime/sharedRuntime.cpp, line 605]
Event: 3,713 Thread 0x00007fb0f000b000 Exception <a 'java/lang/ArrayIndexOutOfBoundsException': 15> (0x00000000dc3b3a90) thrown at [/build/openjdk-8-W2Qe27/openjdk-8-8u151-b12/src/hotspot/src/share/vm/interpreter/interpreterRuntime.cpp, line 366]
Event: 3,713 Thread 0x00007fb0f000b000 Exception <a 'java/lang/ArrayIndexOutOfBoundsException'> (0x00000000dc3b4d88) thrown at [/build/openjdk-8-W2Qe27/openjdk-8-8u151-b12/src/hotspot/src/share/vm/runtime/sharedRuntime.cpp, line 605]
Event: 3,713 Thread 0x00007fb0f000b000 Exception <a 'java/lang/ArrayIndexOutOfBoundsException'> (0x00000000dc3b5390) thrown at [/build/openjdk-8-W2Qe27/openjdk-8-8u151-b12/src/hotspot/src/share/vm/runtime/sharedRuntime.cpp, line 605]
Event: 3,713 Thread 0x00007fb0f000b000 Exception <a 'java/lang/ArrayIndexOutOfBoundsException'> (0x00000000dc3b5998) thrown at [/build/openjdk-8-W2Qe27/openjdk-8-8u151-b12/src/hotspot/src/share/vm/runtime/sharedRuntime.cpp, line 605]

Events (10 events):
Event: 5,363 Thread 0x00007fb0f000b000 DEOPT UNPACKING pc=0x00007fb0e1047373 sp=0x00007fb0f83cb5a8 mode 0
Event: 5,375 Thread 0x00007fb0f000b000 DEOPT PACKING pc=0x00007fb0e13a2b9d sp=0x00007fb0f83cb670
Event: 5,375 Thread 0x00007fb0f000b000 DEOPT UNPACKING pc=0x00007fb0e1047373 sp=0x00007fb0f83cb5a8 mode 0
Event: 5,378 Executing VM operation: ParallelGCFailedAllocation
Event: 6,337 Executing VM operation: ParallelGCFailedAllocation done
Event: 6,352 Thread 0x00007fb0f000b000 DEOPT PACKING pc=0x00007fb0e13a2b9d sp=0x00007fb0f83cb670
Event: 6,352 Thread 0x00007fb0f000b000 DEOPT UNPACKING pc=0x00007fb0e1047373 sp=0x00007fb0f83cb5a8 mode 0
Event: 6,799 Executing VM operation: ParallelGCFailedAllocation
Event: 8,044 Executing VM operation: ParallelGCFailedAllocation done
Event: 8,577 Executing VM operation: ParallelGCFailedAllocation


Dynamic libraries:
00400000-00401000 r-xp 00000000 08:08 834490                             /usr/lib/jvm/java-8-openjdk-amd64/jre/bin/java
00600000-00601000 r--p 00000000 08:08 834490                             /usr/lib/jvm/java-8-openjdk-amd64/jre/bin/java
00601000-00602000 rw-p 00001000 08:08 834490                             /usr/lib/jvm/java-8-openjdk-amd64/jre/bin/java
00cfc000-00d1d000 rw-p 00000000 00:00 0                                  [heap]
85200000-b6600000 rw-p 00000000 00:00 0 
cc300000-d7100000 ---p 00000000 00:00 0 
d7100000-100000000 rw-p 00000000 00:00 0 
100000000-1001e0000 rw-p 00000000 00:00 0 
1001e0000-140000000 ---p 00000000 00:00 0 
7fb084000000-7fb084021000 rw-p 00000000 00:00 0 
7fb084021000-7fb088000000 ---p 00000000 00:00 0 
7fb088bff000-7fb088c7f000 rw-p 00000000 00:00 0 
7fb088c7f000-7fb088dff000 ---p 00000000 00:00 0 
7fb088dff000-7fb088fff000 rw-p 00000000 00:00 0 
7fb088fff000-7fb08c000000 rw-p 00000000 00:00 0 
7fb08c000000-7fb08c021000 rw-p 00000000 00:00 0 
7fb08c021000-7fb090000000 ---p 00000000 00:00 0 
7fb090000000-7fb090021000 rw-p 00000000 00:00 0 
7fb090021000-7fb094000000 ---p 00000000 00:00 0 
7fb094000000-7fb095213000 rw-p 00000000 00:00 0 
7fb095213000-7fb098000000 ---p 00000000 00:00 0 
7fb098000000-7fb098021000 rw-p 00000000 00:00 0 
7fb098021000-7fb09c000000 ---p 00000000 00:00 0 
7fb09c000000-7fb09e6e3000 rw-p 00000000 00:00 0 
7fb09e6e3000-7fb0a0000000 ---p 00000000 00:00 0 
7fb0a0000000-7fb0a2c32000 rw-p 00000000 00:00 0 
7fb0a2c32000-7fb0a4000000 ---p 00000000 00:00 0 
7fb0a4000000-7fb0a4021000 rw-p 00000000 00:00 0 
7fb0a4021000-7fb0a8000000 ---p 00000000 00:00 0 
7fb0a8000000-7fb0ab03a000 rw-p 00000000 00:00 0 
7fb0ab03a000-7fb0ac000000 ---p 00000000 00:00 0 
7fb0ac000000-7fb0ac021000 rw-p 00000000 00:00 0 
7fb0ac021000-7fb0b0000000 ---p 00000000 00:00 0 
7fb0b0000000-7fb0b0021000 rw-p 00000000 00:00 0 
7fb0b0021000-7fb0b4000000 ---p 00000000 00:00 0 
7fb0b4000000-7fb0b4021000 rw-p 00000000 00:00 0 
7fb0b4021000-7fb0b8000000 ---p 00000000 00:00 0 
7fb0b8000000-7fb0b8021000 rw-p 00000000 00:00 0 
7fb0b8021000-7fb0bc000000 ---p 00000000 00:00 0 
7fb0bc000000-7fb0bc021000 rw-p 00000000 00:00 0 
7fb0bc021000-7fb0c0000000 ---p 00000000 00:00 0 
7fb0c0000000-7fb0c0021000 rw-p 00000000 00:00 0 
7fb0c0021000-7fb0c4000000 ---p 00000000 00:00 0 
7fb0c4000000-7fb0c4021000 rw-p 00000000 00:00 0 
7fb0c4021000-7fb0c8000000 ---p 00000000 00:00 0 
7fb0c80dd000-7fb0c80f4000 r-xp 00000000 08:08 834412                     /usr/lib/jvm/java-8-openjdk-amd64/jre/lib/amd64/libnet.so
7fb0c80f4000-7fb0c82f3000 ---p 00017000 08:08 834412                     /usr/lib/jvm/java-8-openjdk-amd64/jre/lib/amd64/libnet.so
7fb0c82f3000-7fb0c82f4000 r--p 00016000 08:08 834412                     /usr/lib/jvm/java-8-openjdk-amd64/jre/lib/amd64/libnet.so
7fb0c82f4000-7fb0c82f5000 rw-p 00017000 08:08 834412                     /usr/lib/jvm/java-8-openjdk-amd64/jre/lib/amd64/libnet.so
7fb0c847b000-7fb0c867b000 rw-p 00000000 00:00 0 
7fb0c867b000-7fb0c887b000 rw-p 00000000 00:00 0 
7fb0c887b000-7fb0c888c000 r-xp 00000000 08:08 834438                     /usr/lib/jvm/java-8-openjdk-amd64/jre/lib/amd64/libnio.so
7fb0c888c000-7fb0c8a8c000 ---p 00011000 08:08 834438                     /usr/lib/jvm/java-8-openjdk-amd64/jre/lib/amd64/libnio.so
7fb0c8a8c000-7fb0c8a8d000 r--p 00011000 08:08 834438                     /usr/lib/jvm/java-8-openjdk-amd64/jre/lib/amd64/libnio.so
7fb0c8a8d000-7fb0c8a8e000 rw-p 00012000 08:08 834438                     /usr/lib/jvm/java-8-openjdk-amd64/jre/lib/amd64/libnio.so
7fb0c8a8e000-7fb0c8a91000 ---p 00000000 00:00 0 
7fb0c8a91000-7fb0c8b8f000 rw-p 00000000 00:00 0 
7fb0c8b8f000-7fb0c8b98000 r-xp 00000000 08:08 834378                     /usr/lib/jvm/java-8-openjdk-amd64/jre/lib/amd64/libmanagement.so
7fb0c8b98000-7fb0c8d97000 ---p 00009000 08:08 834378                     /usr/lib/jvm/java-8-openjdk-amd64/jre/lib/amd64/libmanagement.so
7fb0c8d97000-7fb0c8d98000 r--p 00008000 08:08 834378                     /usr/lib/jvm/java-8-openjdk-amd64/jre/lib/amd64/libmanagement.so
7fb0c8d98000-7fb0c8d99000 rw-p 00009000 08:08 834378                     /usr/lib/jvm/java-8-openjdk-amd64/jre/lib/amd64/libmanagement.so
7fb0c8d99000-7fb0c8f99000 rw-p 00000000 00:00 0 
7fb0c8f99000-7fb0c8f9c000 ---p 00000000 00:00 0 
7fb0c8f9c000-7fb0c909a000 rw-p 00000000 00:00 0 
7fb0c909a000-7fb0c90ad000 r--s 00346000 08:08 834452                     /usr/lib/jvm/java-8-openjdk-amd64/jre/lib/resources.jar
7fb0c9108000-7fb0c9109000 ---p 00000000 00:00 0 
7fb0c9109000-7fb0c9209000 rw-p 00000000 00:00 0 
7fb0c9209000-7fb0c920c000 ---p 00000000 00:00 0 
7fb0c920c000-7fb0c930a000 rw-p 00000000 00:00 0 
7fb0c930a000-7fb0c930d000 ---p 00000000 00:00 0 
7fb0c930d000-7fb0c940b000 rw-p 00000000 00:00 0 
7fb0c940b000-7fb0c940e000 ---p 00000000 00:00 0 
7fb0c940e000-7fb0c950c000 rw-p 00000000 00:00 0 
7fb0c950c000-7fb0c950f000 ---p 00000000 00:00 0 
7fb0c950f000-7fb0c960d000 rw-p 00000000 00:00 0 
7fb0c960d000-7fb0c9610000 ---p 00000000 00:00 0 
7fb0c9610000-7fb0c970e000 rw-p 00000000 00:00 0 
7fb0c970e000-7fb0c9726000 r--s 001bf000 08:08 18707                      /home/serhii/.m2/repository/org/aspectj/aspectjweaver/1.8.10/aspectjweaver-1.8.10.jar
7fb0c9726000-7fb0c9729000 r--s 00012000 08:08 18719                      /home/serhii/.m2/repository/org/apache/maven/surefire/surefire-junit4/2.20/surefire-junit4-2.20.jar
7fb0c9729000-7fb0c972d000 r--s 00042000 08:08 159791                     /home/serhii/.m2/repository/com/fasterxml/jackson/core/jackson-core/2.8.9/jackson-core-2.8.9.jar
7fb0c972d000-7fb0c9730000 r--s 0000b000 08:08 159344                     /home/serhii/.m2/repository/com/fasterxml/jackson/core/jackson-annotations/2.8.0/jackson-annotations-2.8.0.jar
7fb0c9730000-7fb0c9742000 r--s 0011e000 08:08 159789                     /home/serhii/.m2/repository/com/fasterxml/jackson/core/jackson-databind/2.8.9/jackson-databind-2.8.9.jar
7fb0c9742000-7fb0c974a000 r--s 00071000 08:08 19777                      /home/serhii/.m2/repository/org/apache/commons/commons-lang3/3.6/commons-lang3-3.6.jar
7fb0c974a000-7fb0c974c000 r--s 00010000 08:08 135358                     /home/serhii/.m2/repository/io/rest-assured/xml-path/3.0.3/xml-path-3.0.3.jar
7fb0c974c000-7fb0c974e000 r--s 00008000 08:08 135526                     /home/serhii/.m2/repository/io/rest-assured/rest-assured-common/3.0.3/rest-assured-common-3.0.3.jar
7fb0c974e000-7fb0c9751000 r--s 0001d000 08:08 1335099                    /home/serhii/.m2/repository/org/codehaus/groovy/groovy-json/2.4.9/groovy-json-2.4.9.jar
7fb0c9751000-7fb0c9753000 r--s 0000b000 08:08 135135                     /home/serhii/.m2/repository/io/rest-assured/json-path/3.0.3/json-path-3.0.3.jar
7fb0c9753000-7fb0c9755000 r--s 00015000 08:08 1335093                    /home/serhii/.m2/repository/org/ccil/cowan/tagsoup/tagsoup/1.2.1/tagsoup-1.2.1.jar
7fb0c9755000-7fb0c9756000 r--s 0000c000 08:08 18596                      /home/serhii/.m2/repository/org/hamcrest/hamcrest-library/1.3/hamcrest-library-1.3.jar
7fb0c9756000-7fb0c9757000 r--s 00009000 08:08 18594                      /home/serhii/.m2/repository/org/apache/httpcomponents/httpmime/4.5.1/httpmime-4.5.1.jar
7fb0c9757000-7fb0c9759000 r--s 0000e000 08:08 541749                     /home/serhii/.m2/repository/commons-logging/commons-logging/1.2/commons-logging-1.2.jar
7fb0c9759000-7fb0c9766000 r--s 000a7000 08:08 1459657                    /home/serhii/.m2/repository/org/apache/httpcomponents/httpclient/4.5.2/httpclient-4.5.2.jar
7fb0c9766000-7fb0c976a000 r--s 00031000 08:08 1335100                    /home/serhii/.m2/repository/org/codehaus/groovy/groovy-xml/2.4.9/groovy-xml-2.4.9.jar
7fb0c976a000-7fb0c97b6000 r--s 0040d000 08:08 1335102                    /home/serhii/.m2/repository/org/codehaus/groovy/groovy/2.4.9/groovy-2.4.9.jar
7fb0c97b6000-7fb0c97c0000 r--s 0008c000 08:08 135123                     /home/serhii/.m2/repository/io/rest-assured/rest-assured/3.0.3/rest-assured-3.0.3.jar
7fb0c97c0000-7fb0c97c1000 r--s 0000a000 08:08 1458193                    /home/serhii/.m2/repository/commons-logging/commons-logging-api/1.1/commons-logging-api-1.1.jar
7fb0c97c1000-7fb0c97c9000 r--s 001a4000 08:08 19756                      /home/serhii/.m2/repository/info/cukes/gherkin/2.12.2/gherkin-2.12.2.jar
7fb0c97c9000-7fb0c97cd000 r--s 0002a000 08:08 681902                     /home/serhii/.m2/repository/commons-io/commons-io/2.4/commons-io-2.4.jar
7fb0c97cd000-7fb0c97cf000 r--s 00008000 08:08 19932                      /home/serhii/.m2/repository/ru/qatools/commons/properties/2.0.RC5/properties-2.0.RC5.jar
7fb0c97cf000-7fb0c97d5000 r--s 0001e000 08:08 19941                      /home/serhii/.m2/repository/org/jvnet/jaxb2_commons/jaxb2-basics-runtime/0.9.3/jaxb2-basics-runtime-0.9.3.jar
7fb0c97d5000-7fb0c97d7000 r--s 0000a000 08:08 20579                      /home/serhii/.m2/repository/ru/yandex/qatools/allure/allure-model/1.5.2/allure-model-1.5.2.jar
7fb0c97d7000-7fb0c97d9000 r--s 00000000 08:08 20586                      /home/serhii/.m2/repository/ru/yandex/qatools/allure/allure-commons/1.5.2/allure-commons-1.5.2.jar
7fb0c97d9000-7fb0c97e0000 r--s 0007a000 08:08 19944                      /home/serhii/.m2/repository/org/apache/tika/tika-core/1.7/tika-core-1.7.jar
7fb0c97e0000-7fb0c97e1000 r--s 00001000 08:08 20577                      /home/serhii/.m2/repository/ru/yandex/qatools/allure/allure-java-annotations/1.5.2/allure-java-annotations-1.5.2.jar
7fb0c97e1000-7fb0c97e4000 r--s 0000e000 08:08 20581                      /home/serhii/.m2/repository/ru/yandex/qatools/allure/allure-java-adaptor-api/1.5.2/allure-java-adaptor-api-1.5.2.jar
7fb0c97e4000-7fb0c97e5000 r--s 00002000 08:08 20582                      /home/serhii/.m2/repository/ru/yandex/qatools/allure/allure-java-aspects/1.5.2/allure-java-aspects-1.5.2.jar
7fb0c97e5000-7fb0c97e6000 r--s 00005000 08:08 20578                      /home/serhii/.m2/repository/ru/yandex/qatools/allure/allure-cucumber-jvm-adaptor/1.6.2/allure-cucumber-jvm-adaptor-1.6.2.jar
7fb0c97e6000-7fb0c97f1000 r--s 00030000 08:08 19772                      /home/serhii/.m2/repository/info/cukes/cucumber-java/1.2.5/cucumber-java-1.2.5.jar
7fb0c97f1000-7fb0c9801000 r--s 00084000 08:08 19759                      /home/serhii/.m2/repository/info/cukes/cucumber-jvm-deps/1.0.5/cucumber-jvm-deps-1.0.5.jar
7fb0c9801000-7fb0c9802000 r--s 00009000 08:08 19760                      /home/serhii/.m2/repository/info/cukes/cucumber-html/0.2.3/cucumber-html-0.2.3.jar
7fb0c9802000-7fb0c9807000 r--s 00033000 08:08 19758                      /home/serhii/.m2/repository/info/cukes/cucumber-core/1.2.5/cucumber-core-1.2.5.jar
7fb0c9807000-7fb0c9809000 r--s 00004000 08:08 19762                      /home/serhii/.m2/repository/info/cukes/cucumber-junit/1.2.5/cucumber-junit-1.2.5.jar
7fb0c9809000-7fb0c980e000 r--s 00034000 08:08 1326695                    /home/serhii/.m2/repository/com/google/code/gson/gson/2.8.2/gson-2.8.2.jar
7fb0c980e000-7fb0c9814000 r--s 00045000 08:08 4838                       /home/serhii/.m2/repository/org/hamcrest/hamcrest-all/1.3/hamcrest-all-1.3.jar
7fb0c9814000-7fb0c9816000 r--s 00009000 08:08 1459658                    /home/serhii/.m2/repository/org/hamcrest/hamcrest-core/1.3/hamcrest-core-1.3.jar
7fb0c9816000-7fb0c981e000 r--s 00045000 08:08 1459668                    /home/serhii/.m2/repository/junit/junit/4.12/junit-4.12.jar
7fb0c981e000-7fb0c9825000 r--s 0003f000 08:08 541753                     /home/serhii/.m2/repository/commons-codec/commons-codec/1.10/commons-codec-1.10.jar
7fb0c9825000-7fb0c9828000 r--s 00032000 08:08 158597                     /home/serhii/.m2/repository/net/lightbody/bmp/mitm/2.1.2/mitm-2.1.2.jar
7fb0c9828000-7fb0c9870000 r--s 002d9000 08:08 158593                     /home/serhii/.m2/repository/org/bouncycastle/bcprov-jdk15on/1.54/bcprov-jdk15on-1.54.jar
7fb0c9870000-7fb0c9896000 r--s 00205000 08:08 158592                     /home/serhii/.m2/repository/io/netty/netty-all/4.0.39.Final/netty-all-4.0.39.Final.jar
7fb0c9896000-7fb0c9899000 ---p 00000000 00:00 0 
7fb0c9899000-7fb0c9997000 rw-p 00000000 00:00 0 
7fb0c9997000-7fb0c9de6000 r--p 00000000 08:08 10362                      /usr/lib/locale/locale-archive
7fb0c9de6000-7fb0c9de9000 ---p 00000000 00:00 0 
7fb0c9de9000-7fb0c9ee7000 rw-p 00000000 00:00 0 
7fb0c9ee7000-7fb0c9eea000 ---p 00000000 00:00 0 
7fb0c9eea000-7fb0c9fe8000 rw-p 00000000 00:00 0 
7fb0c9fe8000-7fb0c9fe9000 ---p 00000000 00:00 0 
7fb0c9fe9000-7fb0cc000000 rw-p 00000000 00:00 0 
7fb0cc000000-7fb0cc021000 rw-p 00000000 00:00 0 
7fb0cc021000-7fb0d0000000 ---p 00000000 00:00 0 
7fb0d0000000-7fb0d0021000 rw-p 00000000 00:00 0 
7fb0d0021000-7fb0d4000000 ---p 00000000 00:00 0 
7fb0d4000000-7fb0d4021000 rw-p 00000000 00:00 0 
7fb0d4021000-7fb0d8000000 ---p 00000000 00:00 0 
7fb0d8000000-7fb0d8001000 r--s 00002000 08:08 158601                     /home/serhii/.m2/repository/com/codeborne/phantomjsdriver/1.3.0/phantomjsdriver-1.3.0.jar
7fb0d8001000-7fb0d8012000 r--s 00094000 08:08 158599                     /home/serhii/.m2/repository/org/bouncycastle/bcpkix-jdk15on/1.54/bcpkix-jdk15on-1.54.jar
7fb0d8012000-7fb0d8014000 r--s 00010000 08:08 1459699                    /home/serhii/.m2/repository/com/jcraft/jzlib/1.1.3/jzlib-1.1.3.jar
7fb0d8014000-7fb0d8016000 r--s 00003000 08:08 1459671                    /home/serhii/.m2/repository/org/slf4j/jcl-over-slf4j/1.7.21/jcl-over-slf4j-1.7.21.jar
7fb0d8016000-7fb0d801b000 r--s 00047000 08:08 158574                     /home/serhii/.m2/repository/dnsjava/dnsjava/2.1.7/dnsjava-2.1.7.jar
7fb0d801b000-7fb0d801c000 r--s 00001000 08:08 541751                     /home/serhii/.m2/repository/javax/annotation/jsr250-api/1.0/jsr250-api-1.0.jar
7fb0d801c000-7fb0d801f000 r--s 00006000 08:08 1322124                    /home/serhii/.m2/repository/com/google/code/findbugs/jsr305/2.0.3/jsr305-2.0.3.jar
7fb0d801f000-7fb0d8021000 r--s 00009000 08:08 158588                     /home/serhii/.m2/repository/net/sf/qualitycheck/quality-check/1.3/quality-check-1.3.jar
7fb0d8021000-7fb0d8025000 r--s 0002f000 08:08 158576                     /home/serhii/.m2/repository/net/sf/uadetector/uadetector-core/0.9.22/uadetector-core-0.9.22.jar
7fb0d8025000-7fb0d8026000 r--s 0001d000 08:08 158575                     /home/serhii/.m2/repository/net/sf/uadetector/uadetector-resources/2014.10/uadetector-resources-2014.10.jar
7fb0d8026000-7fb0d8029000 r--s 0001d000 08:08 158569                     /home/serhii/.m2/repository/net/lightbody/bmp/littleproxy/1.1.0-beta-bmp-13/littleproxy-1.1.0-beta-bmp-13.jar
7fb0d8029000-7fb0d802c000 r--s 0001f000 08:08 158557                     /home/serhii/.m2/repository/net/lightbody/bmp/browsermob-core/2.1.2/browsermob-core-2.1.2.jar
7fb0d802c000-7fb0d805b000 r--s 00226000 08:08 158560                     /home/serhii/.m2/repository/com/google/guava/guava/20.0/guava-20.0.jar
7fb0d805b000-7fb0d805d000 r--s 00009000 08:08 158563                     /home/serhii/.m2/repository/org/eclipse/jetty/websocket/websocket-api/9.2.15.v20160210/websocket-api-9.2.15.v20160210.jar
7fb0d805d000-7fb0d8062000 r--s 00028000 08:08 158561                     /home/serhii/.m2/repository/org/eclipse/jetty/websocket/websocket-common/9.2.15.v20160210/websocket-common-9.2.15.v20160210.jar
7fb0d8062000-7fb0d8065000 r--s 00018000 08:08 158567                     /home/serhii/.m2/repository/org/eclipse/jetty/jetty-io/9.2.15.v20160210/jetty-io-9.2.15.v20160210.jar
7fb0d8065000-7fb0d806b000 r--s 00054000 08:08 158566                     /home/serhii/.m2/repository/org/eclipse/jetty/jetty-util/9.2.15.v20160210/jetty-util-9.2.15.v20160210.jar
7fb0d806b000-7fb0d806c000 r--s 00008000 08:08 158556                     /home/serhii/.m2/repository/org/eclipse/jetty/websocket/websocket-client/9.2.15.v20160210/websocket-client-9.2.15.v20160210.jar
7fb0d806c000-7fb0d8075000 r--s 0002d000 08:08 541747                     /home/serhii/.m2/repository/xml-apis/xml-apis/1.4.01/xml-apis-1.4.01.jar
7fb0d8075000-7fb0d808e000 r--s 00135000 08:08 541745                     /home/serhii/.m2/repository/xerces/xercesImpl/2.11.0/xercesImpl-2.11.0.jar
7fb0d808e000-7fb0dc000000 rw-p 00000000 00:00 0 
7fb0dc000000-7fb0dc021000 rw-p 00000000 00:00 0 
7fb0dc021000-7fb0e0000000 ---p 00000000 00:00 0 
7fb0e0000000-7fb0e0001000 r--s 00003000 08:08 1459690                    /home/serhii/.m2/repository/org/w3c/css/sac/1.3/sac-1.3.jar
7fb0e0001000-7fb0e0005000 r--s 00059000 08:08 1459686                    /home/serhii/.m2/repository/net/sourceforge/cssparser/cssparser/0.9.20/cssparser-0.9.20.jar
7fb0e0005000-7fb0e0008000 r--s 0001c000 08:08 1459685                    /home/serhii/.m2/repository/net/sourceforge/htmlunit/neko-htmlunit/2.23/neko-htmlunit-2.23.jar
7fb0e0008000-7fb0e0017000 r--s 0011b000 08:08 1459642                    /home/serhii/.m2/repository/net/sourceforge/htmlunit/htmlunit-core-js/2.23/htmlunit-core-js-2.23.jar
7fb0e0017000-7fb0e001b000 r--s 00040000 08:08 1459676                    /home/serhii/.m2/repository/xalan/serializer/2.7.2/serializer-2.7.2.jar
7fb0e001b000-7fb0e0040000 r--s 002de000 08:08 1459672                    /home/serhii/.m2/repository/xalan/xalan/2.7.2/xalan-2.7.2.jar
7fb0e0040000-7fb0e0066000 r--s 001a7000 08:08 1459670                    /home/serhii/.m2/repository/net/sourceforge/htmlunit/htmlunit/2.23/htmlunit-2.23.jar
7fb0e0066000-7fb0e006b000 r--s 00025000 08:08 1459650                    /home/serhii/.m2/repository/org/seleniumhq/selenium/selenium-support/3.0.1/selenium-support-3.0.1.jar
7fb0e006b000-7fb0e006c000 r--s 00001000 08:08 1459653                    /home/serhii/.m2/repository/org/seleniumhq/selenium/selenium-opera-driver/3.0.1/selenium-opera-driver-3.0.1.jar
7fb0e006c000-7fb0e006d000 r--s 00002000 08:08 1459641                    /home/serhii/.m2/repository/org/seleniumhq/selenium/selenium-ie-driver/3.0.1/selenium-ie-driver-3.0.1.jar
7fb0e006d000-7fb0e006e000 r--s 000ba000 08:08 1459660                    /home/serhii/.m2/repository/org/seleniumhq/selenium/selenium-firefox-driver/3.0.1/selenium-firefox-driver-3.0.1.jar
7fb0e006e000-7fb0e006f000 r--s 00001000 08:08 1459656                    /home/serhii/.m2/repository/org/seleniumhq/selenium/selenium-edge-driver/3.0.1/selenium-edge-driver-3.0.1.jar
7fb0e006f000-7fb0e0073000 r--s 000dc000 08:08 1459655                    /home/serhii/.m2/repository/net/java/dev/jna/jna/4.1.0/jna-4.1.0.jar
7fb0e0073000-7fb0e0084000 r--s 00155000 08:08 1459654                    /home/serhii/.m2/repository/net/java/dev/jna/jna-platform/4.1.0/jna-platform-4.1.0.jar
7fb0e0084000-7fb0e0086000 r--s 0000c000 08:08 1459646                    /home/serhii/.m2/repository/org/apache/commons/commons-exec/1.3/commons-exec-1.3.jar
7fb0e0086000-7fb0e008a000 r--s 00014000 08:08 1459645                    /home/serhii/.m2/repository/org/seleniumhq/selenium/selenium-api/3.0.1/selenium-api-3.0.1.jar
7fb0e008a000-7fb0e0090000 r--s 00046000 08:08 1459674                    /home/serhii/.m2/repository/org/seleniumhq/selenium/selenium-remote-driver/3.0.1/selenium-remote-driver-3.0.1.jar
7fb0e0090000-7fb0e0091000 r--s 00002000 08:08 1459640                    /home/serhii/.m2/repository/org/seleniumhq/selenium/selenium-chrome-driver/3.0.1/selenium-chrome-driver-3.0.1.jar
7fb0e0091000-7fb0e0092000 r--s 00000000 08:08 1459639                    /home/serhii/.m2/repository/org/seleniumhq/selenium/selenium-java/3.0.1/selenium-java-3.0.1.jar
7fb0e0092000-7fb0e0099000 r--s 00049000 08:08 541741                     /home/serhii/.m2/repository/org/apache/httpcomponents/httpcore/4.4.5/httpcore-4.4.5.jar
7fb0e0099000-7fb0e009f000 r--s 00035000 08:08 1459636                    /home/serhii/.m2/repository/com/codeborne/selenide/4.2.1/selenide-4.2.1.jar
7fb0e009f000-7fb0e00a3000 r--s 00019000 08:08 1327768                    /home/serhii/.m2/repository/org/aspectj/aspectjrt/1.8.10/aspectjrt-1.8.10.jar
7fb0e00a3000-7fb0e00a5000 r--s 00004000 08:08 159979                     /home/serhii/.m2/repository/io/qameta/allure/allure-java-migration/2.0-BETA22/allure-java-migration-2.0-BETA22.jar
7fb0e00a5000-7fb0e00c0000 r--s 00394000 08:08 834334                     /usr/lib/jvm/java-8-openjdk-amd64/jre/lib/ext/cldrdata.jar
7fb0e00c0000-7fb0e00db000 r--s 001d6000 08:08 834338                     /usr/lib/jvm/java-8-openjdk-amd64/jre/lib/ext/nashorn.jar
7fb0e00db000-7fb0e02dd000 rw-p 00000000 00:00 0 
7fb0e02dd000-7fb0e04ac000 r--s 03c21000 08:08 834324                     /usr/lib/jvm/java-8-openjdk-amd64/jre/lib/rt.jar
7fb0e04ac000-7fb0e08f9000 rw-p 00000000 00:00 0 
7fb0e08f9000-7fb0e08fa000 ---p 00000000 00:00 0 
7fb0e08fa000-7fb0e09fa000 rw-p 00000000 00:00 0 
7fb0e09fa000-7fb0e09fb000 ---p 00000000 00:00 0 
7fb0e09fb000-7fb0e0afb000 rw-p 00000000 00:00 0 
7fb0e0afb000-7fb0e0afc000 ---p 00000000 00:00 0 
7fb0e0afc000-7fb0e0bfc000 rw-p 00000000 00:00 0 
7fb0e0bfc000-7fb0e0bfd000 ---p 00000000 00:00 0 
7fb0e0bfd000-7fb0e0cfd000 rw-p 00000000 00:00 0 
7fb0e0cfd000-7fb0e0cfe000 ---p 00000000 00:00 0 
7fb0e0cfe000-7fb0e0dfe000 rw-p 00000000 00:00 0 
7fb0e0dfe000-7fb0e0dff000 ---p 00000000 00:00 0 
7fb0e0dff000-7fb0e0eff000 rw-p 00000000 00:00 0 
7fb0e0eff000-7fb0e0f00000 ---p 00000000 00:00 0 
7fb0e0f00000-7fb0e1000000 rw-p 00000000 00:00 0 
7fb0e1000000-7fb0e19c0000 rwxp 00000000 00:00 0 
7fb0e19c0000-7fb0f0000000 ---p 00000000 00:00 0 
7fb0f0000000-7fb0f1118000 rw-p 00000000 00:00 0 
7fb0f1118000-7fb0f4000000 ---p 00000000 00:00 0 
7fb0f4000000-7fb0f4002000 r--s 00009000 08:08 1459697                    /home/serhii/.m2/repository/org/slf4j/slf4j-api/1.7.21/slf4j-api-1.7.21.jar
7fb0f4002000-7fb0f4003000 r--s 00002000 08:08 19770                      /home/serhii/.m2/repository/org/jooq/joor/0.9.6/joor-0.9.6.jar
7fb0f4003000-7fb0f4005000 r--s 00007000 08:08 159937                     /home/serhii/.m2/repository/com/fasterxml/jackson/module/jackson-module-jaxb-annotations/2.7.0/jackson-module-jaxb-annotations-2.7.0.jar
7fb0f4005000-7fb0f4006000 r--s 00001000 08:08 159931                     /home/serhii/.m2/repository/io/qameta/allure/allure2-model-jackson/1.0-BETA6/allure2-model-jackson-1.0-BETA6.jar
7fb0f4006000-7fb0f4007000 r--s 00006000 08:08 159932                     /home/serhii/.m2/repository/io/qameta/allure/allure2-model-pojo/1.0-BETA6/allure2-model-pojo-1.0-BETA6.jar
7fb0f4007000-7fb0f4008000 r--s 00002000 08:08 159926                     /home/serhii/.m2/repository/io/qameta/allure/allure2-model-api/1.0-BETA6/allure2-model-api-1.0-BETA6.jar
7fb0f4008000-7fb0f400a000 r--s 00009000 08:08 159976                     /home/serhii/.m2/repository/io/qameta/allure/allure-java-commons/2.0-BETA22/allure-java-commons-2.0-BETA22.jar
7fb0f400a000-7fb0f400c000 r--s 00002000 08:08 159813                     /home/serhii/.m2/repository/org/apache/maven/surefire/surefire-logger-api/2.20/surefire-logger-api-2.20.jar
7fb0f400c000-7fb0f4011000 r--s 00028000 08:08 19033                      /home/serhii/.m2/repository/org/apache/maven/surefire/surefire-api/2.20/surefire-api-2.20.jar
7fb0f4011000-7fb0f4013000 r--s 0000b000 08:08 19031                      /home/serhii/.m2/repository/org/apache/maven/surefire/surefire-booter/2.20/surefire-booter-2.20.jar
7fb0f4013000-7fb0f4014000 ---p 00000000 00:00 0 
7fb0f4014000-7fb0f429e000 rw-p 00000000 00:00 0 
7fb0f429e000-7fb0f43a4000 ---p 00000000 00:00 0 
7fb0f43a4000-7fb0f452e000 rw-p 00000000 00:00 0 
7fb0f452e000-7fb0f4633000 ---p 00000000 00:00 0 
7fb0f4633000-7fb0f477b000 rw-p 00000000 00:00 0 
7fb0f477b000-7fb0f47a3000 rw-p 00000000 00:00 0 
7fb0f47a3000-7fb0f4b3c000 ---p 00000000 00:00 0 
7fb0f4b3c000-7fb0f4b44000 r-xp 00000000 08:08 834426                     /usr/lib/jvm/java-8-openjdk-amd64/jre/lib/amd64/libzip.so
7fb0f4b44000-7fb0f4d43000 ---p 00008000 08:08 834426                     /usr/lib/jvm/java-8-openjdk-amd64/jre/lib/amd64/libzip.so
7fb0f4d43000-7fb0f4d44000 r--p 00007000 08:08 834426                     /usr/lib/jvm/java-8-openjdk-amd64/jre/lib/amd64/libzip.so
7fb0f4d44000-7fb0f4d45000 rw-p 00008000 08:08 834426                     /usr/lib/jvm/java-8-openjdk-amd64/jre/lib/amd64/libzip.so
7fb0f4d45000-7fb0f4d50000 r-xp 00000000 08:08 1044577                    /lib/x86_64-linux-gnu/libnss_files-2.23.so
7fb0f4d50000-7fb0f4f4f000 ---p 0000b000 08:08 1044577                    /lib/x86_64-linux-gnu/libnss_files-2.23.so
7fb0f4f4f000-7fb0f4f50000 r--p 0000a000 08:08 1044577                    /lib/x86_64-linux-gnu/libnss_files-2.23.so
7fb0f4f50000-7fb0f4f51000 rw-p 0000b000 08:08 1044577                    /lib/x86_64-linux-gnu/libnss_files-2.23.so
7fb0f4f51000-7fb0f4f57000 rw-p 00000000 00:00 0 
7fb0f4f57000-7fb0f4f62000 r-xp 00000000 08:08 1049707                    /lib/x86_64-linux-gnu/libnss_nis-2.23.so
7fb0f4f62000-7fb0f5161000 ---p 0000b000 08:08 1049707                    /lib/x86_64-linux-gnu/libnss_nis-2.23.so
7fb0f5161000-7fb0f5162000 r--p 0000a000 08:08 1049707                    /lib/x86_64-linux-gnu/libnss_nis-2.23.so
7fb0f5162000-7fb0f5163000 rw-p 0000b000 08:08 1049707                    /lib/x86_64-linux-gnu/libnss_nis-2.23.so
7fb0f5163000-7fb0f5179000 r-xp 00000000 08:08 1044495                    /lib/x86_64-linux-gnu/libnsl-2.23.so
7fb0f5179000-7fb0f5378000 ---p 00016000 08:08 1044495                    /lib/x86_64-linux-gnu/libnsl-2.23.so
7fb0f5378000-7fb0f5379000 r--p 00015000 08:08 1044495                    /lib/x86_64-linux-gnu/libnsl-2.23.so
7fb0f5379000-7fb0f537a000 rw-p 00016000 08:08 1044495                    /lib/x86_64-linux-gnu/libnsl-2.23.so
7fb0f537a000-7fb0f537c000 rw-p 00000000 00:00 0 
7fb0f537c000-7fb0f5384000 r-xp 00000000 08:08 1044572                    /lib/x86_64-linux-gnu/libnss_compat-2.23.so
7fb0f5384000-7fb0f5583000 ---p 00008000 08:08 1044572                    /lib/x86_64-linux-gnu/libnss_compat-2.23.so
7fb0f5583000-7fb0f5584000 r--p 00007000 08:08 1044572                    /lib/x86_64-linux-gnu/libnss_compat-2.23.so
7fb0f5584000-7fb0f5585000 rw-p 00008000 08:08 1044572                    /lib/x86_64-linux-gnu/libnss_compat-2.23.so
7fb0f5585000-7fb0f558f000 r-xp 00000000 08:08 834402                     /usr/lib/jvm/java-8-openjdk-amd64/jre/lib/amd64/libinstrument.so
7fb0f558f000-7fb0f578e000 ---p 0000a000 08:08 834402                     /usr/lib/jvm/java-8-openjdk-amd64/jre/lib/amd64/libinstrument.so
7fb0f578e000-7fb0f578f000 r--p 00009000 08:08 834402                     /usr/lib/jvm/java-8-openjdk-amd64/jre/lib/amd64/libinstrument.so
7fb0f578f000-7fb0f5790000 rw-p 0000a000 08:08 834402                     /usr/lib/jvm/java-8-openjdk-amd64/jre/lib/amd64/libinstrument.so
7fb0f5790000-7fb0f57bd000 r-xp 00000000 08:08 834388                     /usr/lib/jvm/java-8-openjdk-amd64/jre/lib/amd64/libjava.so
7fb0f57bd000-7fb0f59bc000 ---p 0002d000 08:08 834388                     /usr/lib/jvm/java-8-openjdk-amd64/jre/lib/amd64/libjava.so
7fb0f59bc000-7fb0f59bd000 r--p 0002c000 08:08 834388                     /usr/lib/jvm/java-8-openjdk-amd64/jre/lib/amd64/libjava.so
7fb0f59bd000-7fb0f59bf000 rw-p 0002d000 08:08 834388                     /usr/lib/jvm/java-8-openjdk-amd64/jre/lib/amd64/libjava.so
7fb0f59bf000-7fb0f59ce000 r-xp 00000000 08:08 834422                     /usr/lib/jvm/java-8-openjdk-amd64/jre/lib/amd64/libverify.so
7fb0f59ce000-7fb0f5bcd000 ---p 0000f000 08:08 834422                     /usr/lib/jvm/java-8-openjdk-amd64/jre/lib/amd64/libverify.so
7fb0f5bcd000-7fb0f5bcf000 r--p 0000e000 08:08 834422                     /usr/lib/jvm/java-8-openjdk-amd64/jre/lib/amd64/libverify.so
7fb0f5bcf000-7fb0f5bd0000 rw-p 00010000 08:08 834422                     /usr/lib/jvm/java-8-openjdk-amd64/jre/lib/amd64/libverify.so
7fb0f5bd0000-7fb0f5bd7000 r-xp 00000000 08:08 1049708                    /lib/x86_64-linux-gnu/librt-2.23.so
7fb0f5bd7000-7fb0f5dd6000 ---p 00007000 08:08 1049708                    /lib/x86_64-linux-gnu/librt-2.23.so
7fb0f5dd6000-7fb0f5dd7000 r--p 00006000 08:08 1049708                    /lib/x86_64-linux-gnu/librt-2.23.so
7fb0f5dd7000-7fb0f5dd8000 rw-p 00007000 08:08 1049708                    /lib/x86_64-linux-gnu/librt-2.23.so
7fb0f5dd8000-7fb0f5dee000 r-xp 00000000 08:08 1050068                    /lib/x86_64-linux-gnu/libgcc_s.so.1
7fb0f5dee000-7fb0f5fed000 ---p 00016000 08:08 1050068                    /lib/x86_64-linux-gnu/libgcc_s.so.1
7fb0f5fed000-7fb0f5fee000 rw-p 00015000 08:08 1050068                    /lib/x86_64-linux-gnu/libgcc_s.so.1
7fb0f5fee000-7fb0f60f6000 r-xp 00000000 08:08 1044486                    /lib/x86_64-linux-gnu/libm-2.23.so
7fb0f60f6000-7fb0f62f5000 ---p 00108000 08:08 1044486                    /lib/x86_64-linux-gnu/libm-2.23.so
7fb0f62f5000-7fb0f62f6000 r--p 00107000 08:08 1044486                    /lib/x86_64-linux-gnu/libm-2.23.so
7fb0f62f6000-7fb0f62f7000 rw-p 00108000 08:08 1044486                    /lib/x86_64-linux-gnu/libm-2.23.so
7fb0f62f7000-7fb0f6469000 r-xp 00000000 08:08 411                        /usr/lib/x86_64-linux-gnu/libstdc++.so.6.0.21
7fb0f6469000-7fb0f6669000 ---p 00172000 08:08 411                        /usr/lib/x86_64-linux-gnu/libstdc++.so.6.0.21
7fb0f6669000-7fb0f6673000 r--p 00172000 08:08 411                        /usr/lib/x86_64-linux-gnu/libstdc++.so.6.0.21
7fb0f6673000-7fb0f6675000 rw-p 0017c000 08:08 411                        /usr/lib/x86_64-linux-gnu/libstdc++.so.6.0.21
7fb0f6675000-7fb0f6679000 rw-p 00000000 00:00 0 
7fb0f6679000-7fb0f72cb000 r-xp 00000000 08:08 834410                     /usr/lib/jvm/java-8-openjdk-amd64/jre/lib/amd64/server/libjvm.so
7fb0f72cb000-7fb0f74cb000 ---p 00c52000 08:08 834410                     /usr/lib/jvm/java-8-openjdk-amd64/jre/lib/amd64/server/libjvm.so
7fb0f74cb000-7fb0f755e000 r--p 00c52000 08:08 834410                     /usr/lib/jvm/java-8-openjdk-amd64/jre/lib/amd64/server/libjvm.so
7fb0f755e000-7fb0f7587000 rw-p 00ce5000 08:08 834410                     /usr/lib/jvm/java-8-openjdk-amd64/jre/lib/amd64/server/libjvm.so
7fb0f7587000-7fb0f75b7000 rw-p 00000000 00:00 0 
7fb0f75b7000-7fb0f75cf000 r-xp 00000000 08:08 1044506                    /lib/x86_64-linux-gnu/libpthread-2.23.so
7fb0f75cf000-7fb0f77ce000 ---p 00018000 08:08 1044506                    /lib/x86_64-linux-gnu/libpthread-2.23.so
7fb0f77ce000-7fb0f77cf000 r--p 00017000 08:08 1044506                    /lib/x86_64-linux-gnu/libpthread-2.23.so
7fb0f77cf000-7fb0f77d0000 rw-p 00018000 08:08 1044506                    /lib/x86_64-linux-gnu/libpthread-2.23.so
7fb0f77d0000-7fb0f77d4000 rw-p 00000000 00:00 0 
7fb0f77d4000-7fb0f77d7000 r-xp 00000000 08:08 1044566                    /lib/x86_64-linux-gnu/libdl-2.23.so
7fb0f77d7000-7fb0f79d6000 ---p 00003000 08:08 1044566                    /lib/x86_64-linux-gnu/libdl-2.23.so
7fb0f79d6000-7fb0f79d7000 r--p 00002000 08:08 1044566                    /lib/x86_64-linux-gnu/libdl-2.23.so
7fb0f79d7000-7fb0f79d8000 rw-p 00003000 08:08 1044566                    /lib/x86_64-linux-gnu/libdl-2.23.so
7fb0f79d8000-7fb0f79f1000 r-xp 00000000 08:08 1050221                    /lib/x86_64-linux-gnu/libz.so.1.2.8
7fb0f79f1000-7fb0f7bf0000 ---p 00019000 08:08 1050221                    /lib/x86_64-linux-gnu/libz.so.1.2.8
7fb0f7bf0000-7fb0f7bf1000 r--p 00018000 08:08 1050221                    /lib/x86_64-linux-gnu/libz.so.1.2.8
7fb0f7bf1000-7fb0f7bf2000 rw-p 00019000 08:08 1050221                    /lib/x86_64-linux-gnu/libz.so.1.2.8
7fb0f7bf2000-7fb0f7db2000 r-xp 00000000 08:08 1044564                    /lib/x86_64-linux-gnu/libc-2.23.so
7fb0f7db2000-7fb0f7fb2000 ---p 001c0000 08:08 1044564                    /lib/x86_64-linux-gnu/libc-2.23.so
7fb0f7fb2000-7fb0f7fb6000 r--p 001c0000 08:08 1044564                    /lib/x86_64-linux-gnu/libc-2.23.so
7fb0f7fb6000-7fb0f7fb8000 rw-p 001c4000 08:08 1044564                    /lib/x86_64-linux-gnu/libc-2.23.so
7fb0f7fb8000-7fb0f7fbc000 rw-p 00000000 00:00 0 
7fb0f7fbc000-7fb0f7fc9000 r-xp 00000000 08:08 834418                     /usr/lib/jvm/java-8-openjdk-amd64/jre/lib/amd64/jli/libjli.so
7fb0f7fc9000-7fb0f81c9000 ---p 0000d000 08:08 834418                     /usr/lib/jvm/java-8-openjdk-amd64/jre/lib/amd64/jli/libjli.so
7fb0f81c9000-7fb0f81ca000 r--p 0000d000 08:08 834418                     /usr/lib/jvm/java-8-openjdk-amd64/jre/lib/amd64/jli/libjli.so
7fb0f81ca000-7fb0f81cb000 rw-p 0000e000 08:08 834418                     /usr/lib/jvm/java-8-openjdk-amd64/jre/lib/amd64/jli/libjli.so
7fb0f81cb000-7fb0f81f1000 r-xp 00000000 08:08 1044498                    /lib/x86_64-linux-gnu/ld-2.23.so
7fb0f81f1000-7fb0f81f2000 r--s 00002000 08:08 159977                     /home/serhii/.m2/repository/io/qameta/allure/allure-junit4/2.0-BETA22/allure-junit4-2.0-BETA22.jar
7fb0f81f2000-7fb0f81f3000 r--s 00002000 08:08 1337288                    /home/serhii/Desktop/AutomationProject/automation/target/surefire/surefirebooter3520900122924956168.jar
7fb0f81f3000-7fb0f81f9000 r--s 0003a000 08:08 834340                     /usr/lib/jvm/java-8-openjdk-amd64/jre/lib/ext/sunjce_provider.jar
7fb0f81f9000-7fb0f81fb000 r--s 00008000 08:08 834342                     /usr/lib/jvm/java-8-openjdk-amd64/jre/lib/ext/sunec.jar
7fb0f81fb000-7fb0f81ff000 r--s 00037000 08:08 834346                     /usr/lib/jvm/java-8-openjdk-amd64/jre/lib/ext/sunpkcs11.jar
7fb0f81ff000-7fb0f8202000 r--s 0000f000 08:08 834332                     /usr/lib/jvm/java-8-openjdk-amd64/jre/lib/ext/icedtea-sound.jar
7fb0f8202000-7fb0f82d2000 rw-p 00000000 00:00 0 
7fb0f82d2000-7fb0f82d5000 ---p 00000000 00:00 0 
7fb0f82d5000-7fb0f83d7000 rw-p 00000000 00:00 0 
7fb0f83d7000-7fb0f83d8000 r--s 0000a000 08:08 834348                     /usr/lib/jvm/java-8-openjdk-amd64/jre/lib/ext/jaccess.jar
7fb0f83d8000-7fb0f83d9000 r--s 00010000 08:08 834336                     /usr/lib/jvm/java-8-openjdk-amd64/jre/lib/ext/zipfs.jar
7fb0f83d9000-7fb0f83e3000 r--s 00116000 08:08 834344                     /usr/lib/jvm/java-8-openjdk-amd64/jre/lib/ext/localedata.jar
7fb0f83e3000-7fb0f83e5000 r--s 00001000 08:08 834350                     /usr/lib/jvm/java-8-openjdk-amd64/jre/lib/ext/dnsns.jar
7fb0f83e5000-7fb0f83ed000 rw-s 00000000 08:08 18192                      /tmp/hsperfdata_serhii/20095
7fb0f83ed000-7fb0f83ee000 rw-p 00000000 00:00 0 
7fb0f83ee000-7fb0f83ef000 ---p 00000000 00:00 0 
7fb0f83ef000-7fb0f83f0000 rw-p 00000000 00:00 0 
7fb0f83f0000-7fb0f83f1000 r--p 00025000 08:08 1044498                    /lib/x86_64-linux-gnu/ld-2.23.so
7fb0f83f1000-7fb0f83f2000 rw-p 00026000 08:08 1044498                    /lib/x86_64-linux-gnu/ld-2.23.so
7fb0f83f2000-7fb0f83f3000 rw-p 00000000 00:00 0 
7fff18e1f000-7fff18e41000 rw-p 00000000 00:00 0                          [stack]
7fff18fc3000-7fff18fc6000 r--p 00000000 00:00 0                          [vvar]
7fff18fc6000-7fff18fc8000 r-xp 00000000 00:00 0                          [vdso]
ffffffffff600000-ffffffffff601000 r-xp 00000000 00:00 0                  [vsyscall]

VM Arguments:
jvm_args: -javaagent:/home/serhii/.m2/repository/org/aspectj/aspectjweaver/1.8.10/aspectjweaver-1.8.10.jar 
java_command: /home/serhii/Desktop/AutomationProject/automation/target/surefire/surefirebooter3520900122924956168.jar /home/serhii/Desktop/AutomationProject/automation/target/surefire 2018-02-20T03-40-02_427-jvmRun1 surefire6870400064816917892tmp surefire_04231014183710231046tmp
java_class_path (initial): /home/serhii/Desktop/AutomationProject/automation/target/surefire/surefirebooter3520900122924956168.jar:/home/serhii/.m2/repository/org/aspectj/aspectjweaver/1.8.10/aspectjweaver-1.8.10.jar
Launcher Type: SUN_STANDARD

Environment Variables:
JAVA_HOME=/usr/lib/jvm/java-8-openjdk-amd64
PATH=/home/serhii/bin:/home/serhii/.local/bin:/home/serhii/bin:/home/serhii/.local/bin:/usr/local/sbin:/usr/local/bin:/usr/sbin:/usr/bin:/sbin:/bin:/usr/games:/usr/local/games:/snap/bin
SHELL=/bin/bash
DISPLAY=:0

Signal Handlers:
SIGSEGV: [libjvm.so+0xa69040], sa_mask[0]=11111111011111111101111111111110, sa_flags=SA_RESTART|SA_SIGINFO
SIGBUS: [libjvm.so+0xa69040], sa_mask[0]=11111111011111111101111111111110, sa_flags=SA_RESTART|SA_SIGINFO
SIGFPE: [libjvm.so+0x8b2170], sa_mask[0]=11111111011111111101111111111110, sa_flags=SA_RESTART|SA_SIGINFO
SIGPIPE: [libjvm.so+0x8b2170], sa_mask[0]=11111111011111111101111111111110, sa_flags=SA_RESTART|SA_SIGINFO
SIGXFSZ: [libjvm.so+0x8b2170], sa_mask[0]=11111111011111111101111111111110, sa_flags=SA_RESTART|SA_SIGINFO
SIGILL: [libjvm.so+0x8b2170], sa_mask[0]=11111111011111111101111111111110, sa_flags=SA_RESTART|SA_SIGINFO
SIGUSR1: SIG_DFL, sa_mask[0]=00000000000000000000000000000000, sa_flags=none
SIGUSR2: [libjvm.so+0x8b2020], sa_mask[0]=00100000000000000000000000000000, sa_flags=SA_RESTART|SA_SIGINFO
SIGHUP: [libjvm.so+0x8b24f0], sa_mask[0]=11111111011111111101111111111110, sa_flags=SA_RESTART|SA_SIGINFO
SIGINT: [libjvm.so+0x8b24f0], sa_mask[0]=11111111011111111101111111111110, sa_flags=SA_RESTART|SA_SIGINFO
SIGTERM: [libjvm.so+0x8b24f0], sa_mask[0]=11111111011111111101111111111110, sa_flags=SA_RESTART|SA_SIGINFO
SIGQUIT: [libjvm.so+0x8b24f0], sa_mask[0]=11111111011111111101111111111110, sa_flags=SA_RESTART|SA_SIGINFO


---------------  S Y S T E M  ---------------

OS:DISTRIB_ID=Ubuntu
DISTRIB_RELEASE=16.04
DISTRIB_CODENAME=xenial
DISTRIB_DESCRIPTION="Ubuntu 16.04.3 LTS"

uname:Linux 4.13.0-32-generic #35~16.04.1-Ubuntu SMP Thu Jan 25 10:13:43 UTC 2018 x86_64
libc:glibc 2.23 NPTL 2.23 
rlimit: STACK 8192k, CORE 0k, NPROC 31220, NOFILE 1048576, AS infinity
load average:2,82 1,54 1,34

/proc/meminfo:
MemTotal:        8045060 kB
MemFree:          138668 kB
MemAvailable:     123868 kB
Buffers:            4268 kB
Cached:           616668 kB
SwapCached:        10760 kB
Active:          6541164 kB
Inactive:        1023944 kB
Active(anon):    6478848 kB
Inactive(anon):   903828 kB
Active(file):      62316 kB
Inactive(file):   120116 kB
Unevictable:         152 kB
Mlocked:             152 kB
SwapTotal:        999420 kB
SwapFree:              4 kB
Dirty:               172 kB
Writeback:         19632 kB
AnonPages:       6933820 kB
Mapped:           486688 kB
Shmem:            440940 kB
Slab:             120196 kB
SReclaimable:      50356 kB
SUnreclaim:        69840 kB
KernelStack:       24112 kB
PageTables:       100516 kB
NFS_Unstable:          0 kB
Bounce:                0 kB
WritebackTmp:          0 kB
CommitLimit:     5021948 kB
Committed_AS:   19970636 kB
VmallocTotal:   34359738367 kB
VmallocUsed:           0 kB
VmallocChunk:          0 kB
HardwareCorrupted:     0 kB
AnonHugePages:         0 kB
ShmemHugePages:        0 kB
ShmemPmdMapped:        0 kB
CmaTotal:              0 kB
CmaFree:               0 kB
HugePages_Total:       0
HugePages_Free:        0
HugePages_Rsvd:        0
HugePages_Surp:        0
Hugepagesize:       2048 kB
DirectMap4k:      243588 kB
DirectMap2M:     8022016 kB


CPU:total 8 (initial active 8) (4 cores per cpu, 2 threads per core) family 6 model 58 stepping 9, cmov, cx8, fxsr, mmx, sse, sse2, sse3, ssse3, sse4.1, sse4.2, popcnt, avx, aes, clmul, erms, ht, tsc, tscinvbit, tscinv

/proc/cpuinfo:
processor	: 0
vendor_id	: GenuineIntel
cpu family	: 6
model		: 58
model name	: Intel(R) Core(TM) i7-3632QM CPU @ 2.20GHz
stepping	: 9
microcode	: 0x16
cpu MHz		: 2195.219
cache size	: 6144 KB
physical id	: 0
siblings	: 8
core id		: 0
cpu cores	: 4
apicid		: 0
initial apicid	: 0
fpu		: yes
fpu_exception	: yes
cpuid level	: 13
wp		: yes
flags		: fpu vme de pse tsc msr pae mce cx8 apic sep mtrr pge mca cmov pat pse36 clflush dts acpi mmx fxsr sse sse2 ss ht tm pbe syscall nx rdtscp lm constant_tsc arch_perfmon pebs bts rep_good nopl xtopology nonstop_tsc cpuid aperfmperf pni pclmulqdq dtes64 monitor ds_cpl vmx est tm2 ssse3 cx16 xtpr pdcm pcid sse4_1 sse4_2 x2apic popcnt tsc_deadline_timer aes xsave avx f16c rdrand lahf_lm cpuid_fault epb pti tpr_shadow vnmi flexpriority ept vpid fsgsbase smep erms xsaveopt dtherm ida arat pln pts
bugs		: cpu_meltdown spectre_v1 spectre_v2
bogomips	: 4390.43
clflush size	: 64
cache_alignment	: 64
address sizes	: 36 bits physical, 48 bits virtual
power management:

processor	: 1
vendor_id	: GenuineIntel
cpu family	: 6
model		: 58
model name	: Intel(R) Core(TM) i7-3632QM CPU @ 2.20GHz
stepping	: 9
microcode	: 0x16
cpu MHz		: 2195.219
cache size	: 6144 KB
physical id	: 0
siblings	: 8
core id		: 0
cpu cores	: 4
apicid		: 1
initial apicid	: 1
fpu		: yes
fpu_exception	: yes
cpuid level	: 13
wp		: yes
flags		: fpu vme de pse tsc msr pae mce cx8 apic sep mtrr pge mca cmov pat pse36 clflush dts acpi mmx fxsr sse sse2 ss ht tm pbe syscall nx rdtscp lm constant_tsc arch_perfmon pebs bts rep_good nopl xtopology nonstop_tsc cpuid aperfmperf pni pclmulqdq dtes64 monitor ds_cpl vmx est tm2 ssse3 cx16 xtpr pdcm pcid sse4_1 sse4_2 x2apic popcnt tsc_deadline_timer aes xsave avx f16c rdrand lahf_lm cpuid_fault epb pti tpr_shadow vnmi flexpriority ept vpid fsgsbase smep erms xsaveopt dtherm ida arat pln pts
bugs		: cpu_meltdown spectre_v1 spectre_v2
bogomips	: 4390.43
clflush size	: 64
cache_alignment	: 64
address sizes	: 36 bits physical, 48 bits virtual
power management:

processor	: 2
vendor_id	: GenuineIntel
cpu family	: 6
model		: 58
model name	: Intel(R) Core(TM) i7-3632QM CPU @ 2.20GHz
stepping	: 9
microcode	: 0x16
cpu MHz		: 2195.219
cache size	: 6144 KB
physical id	: 0
siblings	: 8
core id		: 1
cpu cores	: 4
apicid		: 2
initial apicid	: 2
fpu		: yes
fpu_exception	: yes
cpuid level	: 13
wp		: yes
flags		: fpu vme de pse tsc msr pae mce cx8 apic sep mtrr pge mca cmov pat pse36 clflush dts acpi mmx fxsr sse sse2 ss ht tm pbe syscall nx rdtscp lm constant_tsc arch_perfmon pebs bts rep_good nopl xtopology nonstop_tsc cpuid aperfmperf pni pclmulqdq dtes64 monitor ds_cpl vmx est tm2 ssse3 cx16 xtpr pdcm pcid sse4_1 sse4_2 x2apic popcnt tsc_deadline_timer aes xsave avx f16c rdrand lahf_lm cpuid_fault epb pti tpr_shadow vnmi flexpriority ept vpid fsgsbase smep erms xsaveopt dtherm ida arat pln pts
bugs		: cpu_meltdown spectre_v1 spectre_v2
bogomips	: 4390.43
clflush size	: 64
cache_alignment	: 64
address sizes	: 36 bits physical, 48 bits virtual
power management:

processor	: 3
vendor_id	: GenuineIntel
cpu family	: 6
model		: 58
model name	: Intel(R) Core(TM) i7-3632QM CPU @ 2.20GHz
stepping	: 9
microcode	: 0x16
cpu MHz		: 2195.219
cache size	: 6144 KB
physical id	: 0
siblings	: 8
core id		: 1
cpu cores	: 4
apicid		: 3
initial apicid	: 3
fpu		: yes
fpu_exception	: yes
cpuid level	: 13
wp		: yes
flags		: fpu vme de pse tsc msr pae mce cx8 apic sep mtrr pge mca cmov pat pse36 clflush dts acpi mmx fxsr sse sse2 ss ht tm pbe syscall nx rdtscp lm constant_tsc arch_perfmon pebs bts rep_good nopl xtopology nonstop_tsc cpuid aperfmperf pni pclmulqdq dtes64 monitor ds_cpl vmx est tm2 ssse3 cx16 xtpr pdcm pcid sse4_1 sse4_2 x2apic popcnt tsc_deadline_timer aes xsave avx f16c rdrand lahf_lm cpuid_fault epb pti tpr_shadow vnmi flexpriority ept vpid fsgsbase smep erms xsaveopt dtherm ida arat pln pts
bugs		: cpu_meltdown spectre_v1 spectre_v2
bogomips	: 4390.43
clflush size	: 64
cache_alignment	: 64
address sizes	: 36 bits physical, 48 bits virtual
power management:

processor	: 4
vendor_id	: GenuineIntel
cpu family	: 6
model		: 58
model name	: Intel(R) Core(TM) i7-3632QM CPU @ 2.20GHz
stepping	: 9
microcode	: 0x16
cpu MHz		: 2195.219
cache size	: 6144 KB
physical id	: 0
siblings	: 8
core id		: 2
cpu cores	: 4
apicid		: 4
initial apicid	: 4
fpu		: yes
fpu_exception	: yes
cpuid level	: 13
wp		: yes
flags		: fpu vme de pse tsc msr pae mce cx8 apic sep mtrr pge mca cmov pat pse36 clflush dts acpi mmx fxsr sse sse2 ss ht tm pbe syscall nx rdtscp lm constant_tsc arch_perfmon pebs bts rep_good nopl xtopology nonstop_tsc cpuid aperfmperf pni pclmulqdq dtes64 monitor ds_cpl vmx est tm2 ssse3 cx16 xtpr pdcm pcid sse4_1 sse4_2 x2apic popcnt tsc_deadline_timer aes xsave avx f16c rdrand lahf_lm cpuid_fault epb pti tpr_shadow vnmi flexpriority ept vpid fsgsbase smep erms xsaveopt dtherm ida arat pln pts
bugs		: cpu_meltdown spectre_v1 spectre_v2
bogomips	: 4390.43
clflush size	: 64
cache_alignment	: 64
address sizes	: 36 bits physical, 48 bits virtual
power management:

processor	: 5
vendor_id	: GenuineIntel
cpu family	: 6
model		: 58
model name	: Intel(R) Core(TM) i7-3632QM CPU @ 2.20GHz
stepping	: 9
microcode	: 0x16
cpu MHz		: 2195.219
cache size	: 6144 KB
physical id	: 0
siblings	: 8
core id		: 2
cpu cores	: 4
apicid		: 5
initial apicid	: 5
fpu		: yes
fpu_exception	: yes
cpuid level	: 13
wp		: yes
flags		: fpu vme de pse tsc msr pae mce cx8 apic sep mtrr pge mca cmov pat pse36 clflush dts acpi mmx fxsr sse sse2 ss ht tm pbe syscall nx rdtscp lm constant_tsc arch_perfmon pebs bts rep_good nopl xtopology nonstop_tsc cpuid aperfmperf pni pclmulqdq dtes64 monitor ds_cpl vmx est tm2 ssse3 cx16 xtpr pdcm pcid sse4_1 sse4_2 x2apic popcnt tsc_deadline_timer aes xsave avx f16c rdrand lahf_lm cpuid_fault epb pti tpr_shadow vnmi flexpriority ept vpid fsgsbase smep erms xsaveopt dtherm ida arat pln pts
bugs		: cpu_meltdown spectre_v1 spectre_v2
bogomips	: 4390.43
clflush size	: 64
cache_alignment	: 64
address sizes	: 36 bits physical, 48 bits virtual
power management:

processor	: 6
vendor_id	: GenuineIntel
cpu family	: 6
model		: 58
model name	: Intel(R) Core(TM) i7-3632QM CPU @ 2.20GHz
stepping	: 9
microcode	: 0x16
cpu MHz		: 2195.219
cache size	: 6144 KB
physical id	: 0
siblings	: 8
core id		: 3
cpu cores	: 4
apicid		: 6
initial apicid	: 6
fpu		: yes
fpu_exception	: yes
cpuid level	: 13
wp		: yes
flags		: fpu vme de pse tsc msr pae mce cx8 apic sep mtrr pge mca cmov pat pse36 clflush dts acpi mmx fxsr sse sse2 ss ht tm pbe syscall nx rdtscp lm constant_tsc arch_perfmon pebs bts rep_good nopl xtopology nonstop_tsc cpuid aperfmperf pni pclmulqdq dtes64 monitor ds_cpl vmx est tm2 ssse3 cx16 xtpr pdcm pcid sse4_1 sse4_2 x2apic popcnt tsc_deadline_timer aes xsave avx f16c rdrand lahf_lm cpuid_fault epb pti tpr_shadow vnmi flexpriority ept vpid fsgsbase smep erms xsaveopt dtherm ida arat pln pts
bugs		: cpu_meltdown spectre_v1 spectre_v2
bogomips	: 4390.43
clflush size	: 64
cache_alignment	: 64
address sizes	: 36 bits physical, 48 bits virtual
power management:

processor	: 7
vendor_id	: GenuineIntel
cpu family	: 6
model		: 58
model name	: Intel(R) Core(TM) i7-3632QM CPU @ 2.20GHz
stepping	: 9
microcode	: 0x16
cpu MHz		: 2195.219
cache size	: 6144 KB
physical id	: 0
siblings	: 8
core id		: 3
cpu cores	: 4
apicid		: 7
initial apicid	: 7
fpu		: yes
fpu_exception	: yes
cpuid level	: 13
wp		: yes
flags		: fpu vme de pse tsc msr pae mce cx8 apic sep mtrr pge mca cmov pat pse36 clflush dts acpi mmx fxsr sse sse2 ss ht tm pbe syscall nx rdtscp lm constant_tsc arch_perfmon pebs bts rep_good nopl xtopology nonstop_tsc cpuid aperfmperf pni pclmulqdq dtes64 monitor ds_cpl vmx est tm2 ssse3 cx16 xtpr pdcm pcid sse4_1 sse4_2 x2apic popcnt tsc_deadline_timer aes xsave avx f16c rdrand lahf_lm cpuid_fault epb pti tpr_shadow vnmi flexpriority ept vpid fsgsbase smep erms xsaveopt dtherm ida arat pln pts
bugs		: cpu_meltdown spectre_v1 spectre_v2
bogomips	: 4390.43
clflush size	: 64
cache_alignment	: 64
address sizes	: 36 bits physical, 48 bits virtual
power management:



Memory: 4k page, physical 8045060k(138668k free), swap 999420k(4k free)

vm_info: OpenJDK 64-Bit Server VM (25.151-b12) for linux-amd64 JRE (1.8.0_151-8u151-b12-0ubuntu0.16.04.2-b12), built on Oct 27 2017 21:59:02 by "buildd" with gcc 5.4.0 20160609

time: Tue Feb 20 03:40:13 2018
elapsed time: 10 seconds (0d 0h 0m 10s)

